:compileJava UP-TO-DATE
:processResources UP-TO-DATE
:classes UP-TO-DATE
:run
0    [main] INFO  kafka.utils.VerifiableProperties  - Verifying properties
63   [main] INFO  kafka.utils.VerifiableProperties  - Property metadata.broker.list is overridden to localhost:9092
63   [main] INFO  kafka.utils.VerifiableProperties  - Property producer.type is overridden to sync
64   [main] INFO  kafka.utils.VerifiableProperties  - Property request.required.acks is overridden to 1
64   [main] INFO  kafka.utils.VerifiableProperties  - Property retry.backoff.ms is overridden to 1000
64   [main] INFO  kafka.utils.VerifiableProperties  - Property serializer.class is overridden to kafka.serializer.StringEncoder
Listening on port 5000
59471 [main] DEBUG kafka.producer.async.DefaultEventHandler  - Handling 1 events
59539 [main] INFO  kafka.client.ClientUtils$  - Fetching metadata from broker BrokerEndPoint(0,localhost,9092) with correlation id 0 for 1 topic(s) Set(data)
59642 [main] DEBUG kafka.network.BlockingChannel  - Created socket with SO_TIMEOUT = 10000 (requested 10000), SO_RCVBUF = 408300 (requested -1), SO_SNDBUF = 114324 (requested 102400), connectTimeoutMs = 10000.
59643 [main] INFO  kafka.producer.SyncProducer  - Connected to localhost:9092 for producing
59674 [main] INFO  kafka.producer.SyncProducer  - Disconnecting from localhost:9092
59681 [main] DEBUG kafka.client.ClientUtils$  - Successfully fetched metadata for 1 topic(s) Set(data)
59706 [main] DEBUG kafka.producer.BrokerPartitionInfo  - Getting broker partition info for topic data
59708 [main] DEBUG kafka.producer.BrokerPartitionInfo  - Partition [data,0] has leader 0
59710 [main] DEBUG kafka.producer.async.DefaultEventHandler  - Broker partitions registered for topic: data are 0
59719 [main] DEBUG kafka.producer.async.DefaultEventHandler  - Sending 1 messages with no compression to [data,0]
59732 [main] DEBUG kafka.producer.async.DefaultEventHandler  - Producer sending messages with correlation id 2 for topics [data,0] to broker 0 on 10.6.12.173:9092
59749 [main] DEBUG kafka.network.BlockingChannel  - Created socket with SO_TIMEOUT = 10000 (requested 10000), SO_RCVBUF = 408300 (requested -1), SO_SNDBUF = 114324 (requested 102400), connectTimeoutMs = 10000.
59749 [main] INFO  kafka.producer.SyncProducer  - Connected to 10.6.12.173:9092 for producing
59764 [main] DEBUG kafka.producer.async.DefaultEventHandler  - Producer sent messages with correlation id 2 for topics [data,0] to broker 0 on 10.6.12.173:9092
60285 [main] DEBUG kafka.producer.async.DefaultEventHandler  - Handling 1 events
60286 [main] DEBUG kafka.producer.BrokerPartitionInfo  - Getting broker partition info for topic data
60286 [main] DEBUG kafka.producer.BrokerPartitionInfo  - Partition [data,0] has leader 0
60286 [main] DEBUG kafka.producer.async.DefaultEventHandler  - Broker partitions registered for topic: data are 0
60287 [main] DEBUG kafka.producer.async.DefaultEventHandler  - Sending 1 messages with no compression to [data,0]
60288 [main] DEBUG kafka.producer.async.DefaultEventHandler  - Producer sending messages with correlation id 4 for topics [data,0] to broker 0 on 10.6.12.173:9092
60293 [main] DEBUG kafka.producer.async.DefaultEventHandler  - Producer sent messages with correlation id 4 for topics [data,0] to broker 0 on 10.6.12.173:9092
176516 [main] DEBUG kafka.producer.async.DefaultEventHandler  - Handling 1 events
176518 [main] DEBUG kafka.producer.BrokerPartitionInfo  - Getting broker partition info for topic data
176519 [main] DEBUG kafka.producer.BrokerPartitionInfo  - Partition [data,0] has leader 0
176520 [main] DEBUG kafka.producer.async.DefaultEventHandler  - Broker partitions registered for topic: data are 0
176521 [main] DEBUG kafka.producer.async.DefaultEventHandler  - Sending 1 messages with no compression to [data,0]
176524 [main] DEBUG kafka.producer.async.DefaultEventHandler  - Producer sending messages with correlation id 6 for topics [data,0] to broker 0 on 10.6.12.173:9092
176534 [main] DEBUG kafka.producer.async.DefaultEventHandler  - Producer sent messages with correlation id 6 for topics [data,0] to broker 0 on 10.6.12.173:9092
